<?xml version="1.0" encoding="UTF-8"?>
<testsuite xmlns:xsi="http://www.w3.org/2001/XMLSchema-instance" xsi:noNamespaceSchemaLocation="https://maven.apache.org/surefire/maven-surefire-plugin/xsd/surefire-test-report.xsd" version="3.0.1" name="MaGiNiSo.service.NonSenseServiceTest" time="0.094" tests="4" errors="0" skipped="0" failures="0">
  <properties>
[...]
</properties>
  <testcase name="testAnalyzeSyntax" classname="MaGiNiSo.service.NonSenseServiceTest" time="0.079"/>
  <testcase name="testPrintSyntacticTree" classname="MaGiNiSo.service.NonSenseServiceTest" time="0.0"/>
  <testcase name="testValidateSentence" classname="MaGiNiSo.service.NonSenseServiceTest" time="0.015"/>
  <testcase name="testGenerateSentence" classname="MaGiNiSo.service.NonSenseServiceTest" time="0.0"/>
</testsuite>